[debug] [2021-11-21T06:40:02.688Z] ----------------------------------------------------------------------
[debug] [2021-11-21T06:40:02.689Z] Command:       C:\Program Files\nodejs\node.exe C:\Users\27799\AppData\Roaming\npm\node_modules\firebase-tools\lib\bin\firebase.js deploy --only hosting
[debug] [2021-11-21T06:40:02.690Z] CLI Version:   9.16.0
[debug] [2021-11-21T06:40:02.690Z] Platform:      win32
[debug] [2021-11-21T06:40:02.690Z] Node Version:  v14.17.0
[debug] [2021-11-21T06:40:02.691Z] Time:          Sun Nov 21 2021 08:40:02 GMT+0200 (South Africa Standard Time)
[debug] [2021-11-21T06:40:02.691Z] ----------------------------------------------------------------------
[debug] 
[debug] [2021-11-21T06:40:02.735Z] > command requires scopes: ["email","openid","https://www.googleapis.com/auth/cloudplatformprojects.readonly","https://www.googleapis.com/auth/firebase","https://www.googleapis.com/auth/cloud-platform"]
[debug] [2021-11-21T06:40:02.736Z] > authorizing via signed-in user (fr4ncois1010@gmail.com)
[debug] [2021-11-21T06:40:02.736Z] [iam] checking project cci-github-demo for permissions ["firebase.projects.get","firebasehosting.sites.update"]
[debug] [2021-11-21T06:40:02.737Z] >>> HTTP REQUEST POST https://cloudresourcemanager.googleapis.com/v1/projects/cci-github-demo:testIamPermissions  
 {"permissions":["firebase.projects.get","firebasehosting.sites.update"]}
[debug] [2021-11-21T06:40:04.658Z] <<< HTTP RESPONSE 200 {"content-type":"application/json; charset=UTF-8","vary":"X-Origin, Referer, Origin,Accept-Encoding","date":"Sun, 21 Nov 2021 06:40:04 GMT","server":"ESF","cache-control":"private","x-xss-protection":"0","x-frame-options":"SAMEORIGIN","x-content-type-options":"nosniff","server-timing":"gfet4t7; dur=1476","alt-svc":"h3=\":443\"; ma=2592000,h3-29=\":443\"; ma=2592000,h3-Q050=\":443\"; ma=2592000,h3-Q046=\":443\"; ma=2592000,h3-Q043=\":443\"; ma=2592000,quic=\":443\"; ma=2592000; v=\"46,43\"","accept-ranges":"none","transfer-encoding":"chunked"}
[debug] [2021-11-21T06:40:04.660Z] > refreshing access token with scopes: []
[debug] [2021-11-21T06:40:04.660Z] >>> HTTP REQUEST POST https://www.googleapis.com/oauth2/v3/token  
 <request body omitted>
[debug] [2021-11-21T06:40:05.102Z] <<< HTTP RESPONSE 200 {"cache-control":"no-cache, no-store, max-age=0, must-revalidate","expires":"Mon, 01 Jan 1990 00:00:00 GMT","date":"Sun, 21 Nov 2021 06:40:05 GMT","pragma":"no-cache","content-type":"application/json; charset=utf-8","vary":"X-Origin, Referer, Origin,Accept-Encoding","server":"scaffolding on HTTPServer2","x-xss-protection":"0","x-frame-options":"SAMEORIGIN","x-content-type-options":"nosniff","alt-svc":"h3=\":443\"; ma=2592000,h3-29=\":443\"; ma=2592000,h3-Q050=\":443\"; ma=2592000,h3-Q046=\":443\"; ma=2592000,h3-Q043=\":443\"; ma=2592000,quic=\":443\"; ma=2592000; v=\"46,43\"","accept-ranges":"none","transfer-encoding":"chunked"}
[debug] [2021-11-21T06:40:05.116Z] >>> [apiv2][query] GET https://firebase.googleapis.com/v1beta1/projects/cci-github-demo [none]
[debug] [2021-11-21T06:40:05.875Z] <<< [apiv2][status] GET https://firebase.googleapis.com/v1beta1/projects/cci-github-demo 200
[debug] [2021-11-21T06:40:05.875Z] <<< [apiv2][body] GET https://firebase.googleapis.com/v1beta1/projects/cci-github-demo {"projectId":"cci-github-demo","projectNumber":"839041124646","displayName":"CCI-github-demo","name":"projects/cci-github-demo","resources":{"hostingSite":"cci-github-demo"},"state":"ACTIVE"}
[info] 
[info] === Deploying to 'cci-github-demo'...
[info] 
[info] i  deploying hosting 
[debug] [2021-11-21T06:40:05.884Z] > refreshing access token with scopes: ["email","https://www.googleapis.com/auth/cloud-platform","https://www.googleapis.com/auth/cloudplatformprojects.readonly","https://www.googleapis.com/auth/firebase","openid"]
[debug] [2021-11-21T06:40:05.884Z] >>> HTTP REQUEST POST https://www.googleapis.com/oauth2/v3/token  
 <request body omitted>
[debug] [2021-11-21T06:40:06.291Z] <<< HTTP RESPONSE 200 {"expires":"Mon, 01 Jan 1990 00:00:00 GMT","date":"Sun, 21 Nov 2021 06:40:06 GMT","pragma":"no-cache","cache-control":"no-cache, no-store, max-age=0, must-revalidate","content-type":"application/json; charset=utf-8","vary":"X-Origin, Referer, Origin,Accept-Encoding","server":"scaffolding on HTTPServer2","x-xss-protection":"0","x-frame-options":"SAMEORIGIN","x-content-type-options":"nosniff","alt-svc":"h3=\":443\"; ma=2592000,h3-29=\":443\"; ma=2592000,h3-Q050=\":443\"; ma=2592000,h3-Q046=\":443\"; ma=2592000,h3-Q043=\":443\"; ma=2592000,quic=\":443\"; ma=2592000; v=\"46,43\"","accept-ranges":"none","transfer-encoding":"chunked"}
[debug] [2021-11-21T06:40:06.306Z] >>> HTTP REQUEST POST https://firebasehosting.googleapis.com/v1beta1/sites/cci-github-demo/versions  
 {"config":{"rewrites":[{"glob":"**","path":"/index.html"}]},"labels":{"deployment-tool":"cli-firebase"}}
